<?xml version="1.0" encoding="UTF-8"?>
<!-- Generated by org.testng.reporters.JUnitReportReporter -->
<testsuite hostname="EC2AMAZ-D9GMPCC" failures="0" tests="1" name="cucumber.options.TestRunner" time="32.895" errors="0" timestamp="29 Apr 2021 04:49:29 GMT" skipped="0">
  <testcase classname="cucumber.options.TestRunner" name="feature" time="32.895"/>
</testsuite> <!-- cucumber.options.TestRunner -->
