<?xml version="1.0" encoding="UTF-8"?>
<!-- Generated by org.testng.reporters.JUnitReportReporter -->
<testsuite hostname="EC2AMAZ-D9GMPCC" failures="0" tests="1" name="cucumber.options.TestRunner" time="7.700" errors="0" timestamp="07 May 2021 10:03:49 GMT" skipped="0">
  <testcase classname="cucumber.options.TestRunner" name="feature" time="7.700"/>
</testsuite> <!-- cucumber.options.TestRunner -->
