<?xml version="1.0" encoding="UTF-8"?>
<!-- Generated by org.testng.reporters.JUnitReportReporter -->
<testsuite hostname="EC2AMAZ-D9GMPCC" failures="0" tests="3" name="org.sample.projectjava.SurfWebSitesTest" time="7.282" errors="0" timestamp="29 Apr 2021 05:40:22 GMT" skipped="0">
  <testcase classname="org.sample.projectjava.SurfWebSitesTest" name="surfSites" time="1.095"/>
  <testcase classname="org.sample.projectjava.SurfWebSitesTest" name="surfSites" time="5.281"/>
  <testcase classname="org.sample.projectjava.SurfWebSitesTest" name="surfSites" time="0.906"/>
</testsuite> <!-- org.sample.projectjava.SurfWebSitesTest -->
