<?xml version="1.0" encoding="UTF-8"?>
<!-- Generated by org.testng.reporters.JUnitReportReporter -->
<testsuite hostname="EC2AMAZ-D9GMPCC" failures="0" tests="1" name="org.sample.projectjava.BrowsedSiteTitles" time="6.174" errors="0" timestamp="21 Apr 2021 04:17:05 GMT" skipped="0">
  <testcase classname="org.sample.projectjava.BrowsedSiteTitles" name="setupDriver" time="6.174"/>
</testsuite> <!-- org.sample.projectjava.BrowsedSiteTitles -->
