<?xml version="1.0" encoding="UTF-8"?>
<!-- Generated by org.testng.reporters.JUnitReportReporter -->
<testsuite skipped="0" hostname="EC2AMAZ-D9GMPCC" name="org.sample.projectjava.SurfWebSitesTest" tests="3" failures="0" timestamp="07 May 2021 09:01:51 GMT" time="13.706" errors="0">
  <testcase name="surfSites" time="8.957" classname="org.sample.projectjava.SurfWebSitesTest"/>
  <testcase name="surfSites" time="3.055" classname="org.sample.projectjava.SurfWebSitesTest"/>
  <testcase name="surfSites" time="1.694" classname="org.sample.projectjava.SurfWebSitesTest"/>
</testsuite> <!-- org.sample.projectjava.SurfWebSitesTest -->
