<?xml version="1.0" encoding="UTF-8"?>
<!-- Generated by org.testng.reporters.JUnitReportReporter -->
<testsuite skipped="0" hostname="EC2AMAZ-D9GMPCC" name="org.sample.projectjava.SurfWebSitesTest" tests="3" failures="0" timestamp="29 Apr 2021 04:21:21 GMT" time="23.712" errors="0">
  <testcase name="surfSites" time="4.442" classname="org.sample.projectjava.SurfWebSitesTest"/>
  <testcase name="surfSites" time="10.995" classname="org.sample.projectjava.SurfWebSitesTest"/>
  <testcase name="surfSites" time="8.275" classname="org.sample.projectjava.SurfWebSitesTest"/>
</testsuite> <!-- org.sample.projectjava.SurfWebSitesTest -->
